nohup: ignoring input
2025-07-09 13:53:15,618 - discord.client - WARNING - PyNaCl is not installed, voice will NOT be supported
2025-07-09 13:53:15,618 - discord.client - WARNING - PyNaCl is not installed, voice will NOT be supported
INFO:     Started server process [45431]
INFO:     Waiting for application startup.
INFO:     Starting up Discord bot...
2025-07-09 13:53:15,621 - discord.client - INFO - logging in using static token
2025-07-09 13:53:15,621 - discord.client - INFO - logging in using static token
2025-07-09 13:53:15,621 - discord.client - INFO - logging in using static token
INFO:     Application startup complete.
INFO:     Uvicorn running on http://0.0.0.0:8000 (Press CTRL+C to quit)
2025-07-09 13:53:16,859 - discord.gateway - INFO - Shard ID None has connected to Gateway (Session ID: 34daf35775c23109c8c2d0c860f3df2f).
2025-07-09 13:53:16,859 - discord.gateway - INFO - Shard ID None has connected to Gateway (Session ID: 34daf35775c23109c8c2d0c860f3df2f).
2025-07-09 13:53:16,859 - discord.gateway - INFO - Shard ID None has connected to Gateway (Session ID: 34daf35775c23109c8c2d0c860f3df2f).
2025-07-09 13:53:18,863 - discord_bot - INFO - C1nder Development Stack#1702 has connected to Discord!
2025-07-09 13:53:18,863 - discord_bot - INFO - C1nder Development Stack#1702 has connected to Discord!
2025-07-09 13:53:18,863 - discord_bot - INFO - C1nder Development Stack#1702 has connected to Discord!
2025-07-09 13:53:19,853 - cleanup - WARNING - Failed to fetch PR test-user/test-repo#123: 404
2025-07-09 13:53:19,853 - cleanup - WARNING - Failed to fetch PR test-user/test-repo#123: 404
2025-07-09 13:53:19,853 - cleanup - WARNING - Failed to fetch PR test-user/test-repo#123: 404
2025-07-09 13:53:19,854 - cleanup - INFO - Removed 0 closed pull request messages
2025-07-09 13:53:19,854 - cleanup - INFO - Removed 0 closed pull request messages
2025-07-09 13:53:19,854 - cleanup - INFO - Removed 0 closed pull request messages
